<?xml version="1.0" encoding="UTF-8"?>
<!-- Generated by org.testng.reporters.JUnitReportReporter -->
<testsuite hostname="SB-IN-PF2DV7BP" failures="0" tests="2" name="MyFootballLive" time="4.776" errors="0" timestamp="2021-06-21T14:22:05 IST" skipped="0">
  <testcase classname="MyFootballLive" name="test_cricket_matches_type" time="0.615"/>
  <system-out/>
  <testcase classname="MyFootballLive" name="test_cricket_definition" time="4.161"/>
  <system-out/>
</testsuite> <!-- MyFootballLive -->
