<?xml version="1.0" encoding="UTF-8"?>
<!-- Generated by org.testng.reporters.JUnitReportReporter -->
<testsuite hostname="SB-IN-PF2DV7BP" failures="0" tests="2" name="Local_Appium" time="4.299" errors="0" timestamp="2021-06-19T22:11:03 IST" skipped="0">
  <testcase classname="Local_Appium" name="test_cricket_definition" time="2.533"/>
  <system-out/>
  <testcase classname="Local_Appium" name="test_cricket_matches_type" time="1.766"/>
  <system-out/>
</testsuite> <!-- Local_Appium -->
