<?xml version="1.0" encoding="UTF-8"?>
<!-- Generated by org.testng.reporters.JUnitReportReporter -->
<testsuite hostname="SB-IN-PF2DV7BP" failures="0" tests="2" name="BitBar" time="4.762" errors="0" timestamp="2021-06-19T22:16:30 IST" skipped="0">
  <testcase classname="BitBar" name="test_cricket_definition" time="2.604"/>
  <system-out/>
  <testcase classname="BitBar" name="test_cricket_matches_type" time="2.158"/>
  <system-out/>
</testsuite> <!-- BitBar -->
